[debug] [2024-02-10T19:19:40.271Z] ----------------------------------------------------------------------
[debug] [2024-02-10T19:19:40.276Z] Command:       C:\Program Files\nodejs\node.exe C:\Users\lenovo\AppData\Roaming\npm\node_modules\firebase-tools\lib\bin\firebase.js init
[debug] [2024-02-10T19:19:40.277Z] CLI Version:   13.2.1
[debug] [2024-02-10T19:19:40.278Z] Platform:      win32
[debug] [2024-02-10T19:19:40.278Z] Node Version:  v21.6.1
[debug] [2024-02-10T19:19:40.278Z] Time:          Sun Feb 11 2024 00:49:40 GMT+0530 (India Standard Time)
[debug] [2024-02-10T19:19:40.279Z] ----------------------------------------------------------------------
[debug] 
[debug] [2024-02-10T19:19:40.414Z] > command requires scopes: ["email","openid","https://www.googleapis.com/auth/cloudplatformprojects.readonly","https://www.googleapis.com/auth/firebase","https://www.googleapis.com/auth/cloud-platform"]
[debug] [2024-02-10T19:19:40.443Z] > authorizing via signed-in user (anoodroshapp@gmail.com)
[info] 
     ######## #### ########  ######## ########     ###     ######  ########
     ##        ##  ##     ## ##       ##     ##  ##   ##  ##       ##
     ######    ##  ########  ######   ########  #########  ######  ######
     ##        ##  ##    ##  ##       ##     ## ##     ##       ## ##
     ##       #### ##     ## ######## ########  ##     ##  ######  ########

You're about to initialize a Firebase project in this directory:

  C:\Users\lenovo

Before we get started, keep in mind:

  * You are initializing within an existing Firebase project directory

[info] 
=== Project Setup
[info] 
[info] First, let's associate this project directory with a Firebase project.
[info] You can create multiple project aliases by running firebase use --add, 
[info] but for now we'll just set up a default project.
[info] 
[debug] [2024-02-10T19:19:59.519Z] Using project from CLI flag: ecommerce-46aa4
[debug] [2024-02-10T19:19:59.525Z] >>> [apiv2][query] GET https://firebase.googleapis.com/v1beta1/projects/ecommerce-46aa4 [none]
[debug] [2024-02-10T19:20:00.437Z] <<< [apiv2][status] GET https://firebase.googleapis.com/v1beta1/projects/ecommerce-46aa4 403
[debug] [2024-02-10T19:20:00.438Z] <<< [apiv2][body] GET https://firebase.googleapis.com/v1beta1/projects/ecommerce-46aa4 {"error":{"code":403,"message":"The caller does not have permission","status":"PERMISSION_DENIED"}}
[debug] [2024-02-10T19:20:00.439Z] HTTP Error: 403, The caller does not have permission
[debug] [2024-02-10T19:20:00.600Z] FirebaseError: HTTP Error: 403, The caller does not have permission
    at responseToError (C:\Users\lenovo\AppData\Roaming\npm\node_modules\firebase-tools\lib\responseToError.js:49:12)
    at RetryOperation._fn (C:\Users\lenovo\AppData\Roaming\npm\node_modules\firebase-tools\lib\apiv2.js:292:77)
    at process.processTicksAndRejections (node:internal/process/task_queues:95:5)
[error] 
[error] Error: Failed to get Firebase project ecommerce-46aa4. Please make sure the project exists and your account has permission to access it.
